<?xml version="1.0" encoding="UTF-8"?>
<!-- Generated by org.testng.reporters.JUnitReportReporter -->
<testsuite hostname="Amit" failures="0" tests="1" name="com.api.stepdefinition.Tests" time="3.537" errors="0" timestamp="2025-01-19T18:59:31 IST" skipped="0">
  <testcase classname="com.api.stepdefinition.Tests" name="test" time="3.537"/>
  <system-out/>
</testsuite> <!-- com.api.stepdefinition.Tests -->
