<?xml version="1.0" encoding="UTF-8"?>
<!-- Generated by org.testng.reporters.JUnitReportReporter -->
<testsuite hostname="Amit" failures="0" tests="1" name="com.api.tests.AuthTest" time="0.882" errors="0" timestamp="2025-01-26T19:43:56 IST" skipped="0">
  <testcase classname="com.api.tests.AuthTest" name="userlogin" time="0.882"/>
  <system-out/>
</testsuite> <!-- com.api.tests.AuthTest -->
