<?xml version="1.0" encoding="UTF-8"?>
<!-- Generated by org.testng.reporters.JUnitReportReporter -->
<testsuite hostname="Amit" failures="0" tests="2" name="com.api.tests.UserTest" time="1.881" errors="0" timestamp="2025-01-26T19:43:56 IST" skipped="0">
  <testcase classname="com.api.tests.UserTest" name="getUserTest" time="1.458"/>
  <system-out/>
  <testcase classname="com.api.tests.UserTest" name="patchUserTest" time="0.423"/>
  <system-out/>
</testsuite> <!-- com.api.tests.UserTest -->
