<?xml version="1.0" encoding="UTF-8"?>
<!-- Generated by org.testng.reporters.JUnitReportReporter -->
<testsuite hostname="Amit" failures="0" tests="1" name="com.api.tests.Tests" time="3.149" errors="0" timestamp="2025-01-25T16:06:52 IST" skipped="0">
  <testcase classname="com.api.tests.Tests" name="test" time="3.149"/>
  <system-out/>
</testsuite> <!-- com.api.tests.Tests -->
